<?xml version="1.0" encoding="UTF-8"?>
<testsuite xmlns:xsi="http://www.w3.org/2001/XMLSchema-instance" xsi:noNamespaceSchemaLocation="https://maven.apache.org/surefire/maven-surefire-plugin/xsd/surefire-test-report-3.0.xsd" version="3.0" name="com.example.CalculatorTest" time="0.145" tests="4" errors="0" skipped="0" failures="0">
  <properties>
[...]
</properties>
  <testcase name="testMultiplication" classname="com.example.CalculatorTest" time="0.058">
    <system-out><![CDATA[Setup completed
Teardown completed
]]></system-out>
  </testcase>
  <testcase name="testAddition" classname="com.example.CalculatorTest" time="0.015">
    <system-out><![CDATA[Setup completed
Teardown completed
]]></system-out>
  </testcase>
  <testcase name="testDivision" classname="com.example.CalculatorTest" time="0.004">
    <system-out><![CDATA[Setup completed
Teardown completed
]]></system-out>
  </testcase>
  <testcase name="testSubtraction" classname="com.example.CalculatorTest" time="0.001">
    <system-out><![CDATA[Setup completed
Teardown completed
]]></system-out>
  </testcase>
</testsuite>